0 info it worked if it ends with ok
1 verbose cli [ '/usr/local/bin/node', '/usr/local/bin/npm', 'run', 'test' ]
2 info using npm@3.7.3
3 info using node@v5.8.0
4 verbose run-script [ 'pretest', 'test', 'posttest' ]
5 info lifecycle braintree@1.37.0~pretest: braintree@1.37.0
6 silly lifecycle braintree@1.37.0~pretest: no script for pretest, continuing
7 info lifecycle braintree@1.37.0~test: braintree@1.37.0
8 verbose lifecycle braintree@1.37.0~test: unsafe-perm in lifecycle true
9 verbose lifecycle braintree@1.37.0~test: PATH: /usr/local/lib/node_modules/npm/bin/node-gyp-bin:/home/samundrak/braintreeModule/node_modules/.bin:/usr/local/bin:/usr/local/heroku/bin:/usr/local/sbin:/usr/local/bin:/usr/sbin:/usr/bin:/sbin:/bin:/usr/games:/usr/local/games:/home/samundrak/android-sdk-linux/tools:/home/samundrak/android-sdk-linux/platform-tools
10 verbose lifecycle braintree@1.37.0~test: CWD: /home/samundrak/braintreeModule
11 silly lifecycle braintree@1.37.0~test: Args: [ '-c', 'npm run compile_coffee && npm run test_execute_unit' ]
12 silly lifecycle braintree@1.37.0~test: Returned: code: 1  signal: null
13 info lifecycle braintree@1.37.0~test: Failed to exec test script
14 verbose stack Error: braintree@1.37.0 test: `npm run compile_coffee && npm run test_execute_unit`
14 verbose stack Exit status 1
14 verbose stack     at EventEmitter.<anonymous> (/usr/local/lib/node_modules/npm/lib/utils/lifecycle.js:239:16)
14 verbose stack     at emitTwo (events.js:100:13)
14 verbose stack     at EventEmitter.emit (events.js:185:7)
14 verbose stack     at ChildProcess.<anonymous> (/usr/local/lib/node_modules/npm/lib/utils/spawn.js:24:14)
14 verbose stack     at emitTwo (events.js:100:13)
14 verbose stack     at ChildProcess.emit (events.js:185:7)
14 verbose stack     at maybeClose (internal/child_process.js:850:16)
14 verbose stack     at Process.ChildProcess._handle.onexit (internal/child_process.js:215:5)
15 verbose pkgid braintree@1.37.0
16 verbose cwd /home/samundrak/braintreeModule
17 error Linux 3.13.0-61-generic
18 error argv "/usr/local/bin/node" "/usr/local/bin/npm" "run" "test"
19 error node v5.8.0
20 error npm  v3.7.3
21 error code ELIFECYCLE
22 error braintree@1.37.0 test: `npm run compile_coffee && npm run test_execute_unit`
22 error Exit status 1
23 error Failed at the braintree@1.37.0 test script 'npm run compile_coffee && npm run test_execute_unit'.
23 error Make sure you have the latest version of node.js and npm installed.
23 error If you do, this is most likely a problem with the braintree package,
23 error not with npm itself.
23 error Tell the author that this fails on your system:
23 error     npm run compile_coffee && npm run test_execute_unit
23 error You can get information on how to open an issue for this project with:
23 error     npm bugs braintree
23 error Or if that isn't available, you can get their info via:
23 error     npm owner ls braintree
23 error There is likely additional logging output above.
24 verbose exit [ 1, true ]
